Arguments: 
  C:\Program Files\nodejs\node.exe C:\Users\wenfeng.a.li\AppData\Roaming\npm\node_modules\skylark-pkgm\bin\spkgm.js install

PATH: 
  C:\Program Files (x86)\Intel\Intel(R) Management Engine Components\iCLS\;C:\Program Files\Intel\Intel(R) Management Engine Components\iCLS\;C:\WINDOWS\system32;C:\WINDOWS;C:\WINDOWS\System32\Wbem;C:\WINDOWS\System32\WindowsPowerShell\v1.0\;C:\WINDOWS\System32\OpenSSH\;C:\Program Files (x86)\Intel\Intel(R) Management Engine Components\DAL;C:\Program Files\Intel\Intel(R) Management Engine Components\DAL;C:\Program Files\nodejs\;C:\Program Files\Intel\WiFi\bin\;C:\Program Files\Common Files\Intel\WirelessCommon\;C:\Program Files (x86)\Symantec\VIP Access Client\;C:\Program Files (x86)\Pulse Secure\VC142.CRT\X64\;C:\Program Files (x86)\Pulse Secure\VC142.CRT\X86\;C:\Program Files (x86)\Common Files\Pulse Secure\VC142.CRT\X64\;C:\Program Files (x86)\Common Files\Pulse Secure\VC142.CRT\X86\;C:\Users\wenfeng.a.li\.windows-build-tools\python27\;C:\Users\wenfeng.a.li\AppData\Roaming\npm\node_modules\npm\node_modules\npm-lifecycle\node-gyp-bin;C:\Users\wenfeng.a.li\AppData\Roaming\npm\node_modules\windows-build-tools\node_modules\.bin;C:\Users\wenfeng.a.li\AppData\Roaming\npm\node_modules\.bin;C:\Program Files (x86)\Common Files\Oracle\Java\javapath;C:\Program Files (x86)\Intel\Intel(R) Management Engine Components\iCLS\;C:\Program Files\Intel\Intel(R) Management Engine Components\iCLS\;C:\windows\system32;C:\windows;C:\windows\System32\Wbem;C:\windows\System32\WindowsPowerShell\v1.0\;C:\windows\System32\OpenSSH\;C:\Program Files (x86)\Intel\Intel(R) Management Engine Components\DAL;C:\Program Files\Intel\Intel(R) Management Engine Components\DAL;C:\Program Files\nodejs\;C:\Users\wenfeng.a.li\AppData\Local\Microsoft\WindowsApps;C:\Users\wenfeng.a.li\AppData\Roaming\npm;C:\Users\wenfeng.a.li\AppData\Local\Programs\Git\cmd;C:\Studio\studio2\stacks\php7;C:\Users\wenfeng.a.li\AppData\Local\ComposerSetup\bin;C:\Users\wenfeng.a.li\AppData\Roaming\Composer\vendor\bin;C:\Users\wenfeng.a.li\AppData\Local\Microsoft\WindowsApps;

Spkgm version: 
  0.9.0

Node version: 
  10.13.0

Platform: 
  win32 x64

Trace: 
  ReferenceError: ddd is not defined
      at PackageRequest.findExoticVersionInfo (C:\Users\wenfeng.a.li\AppData\Roaming\npm\node_modules\skylark-pkgm\lib\package-request.js:255:5)
      at C:\Users\wenfeng.a.li\AppData\Roaming\npm\node_modules\skylark-pkgm\lib\package-request.js:168:32
      at Generator.next (<anonymous>)
      at step (C:\Users\wenfeng.a.li\AppData\Roaming\npm\node_modules\skylark-pkgm\node_modules\babel-runtime\helpers\asyncToGenerator.js:17:30)
      at C:\Users\wenfeng.a.li\AppData\Roaming\npm\node_modules\skylark-pkgm\node_modules\babel-runtime\helpers\asyncToGenerator.js:28:13

npm manifest: 
  {
    "name": "skylark-domx",
    "version": "0.9.0",
    "description": "An Elegant HTML5 DOM utility Library.",
    "main": "-",
    "scripts": {
      "build": "slib build .",
      "test": "echo \"Error: no test specified\" && exit 1"
    },
    "homepage": "www.skylarkjs.org",
    "repository": {
      "type": "git",
      "url": "git+https://github.com/skylark-domx/skylark-domx.git"
    },
    "keywords": [
      "skylark",
      "skylarkjs",
      "javacript",
      "library",
      "utility",
      "html5"
    ],
    "author": "Hudaokeji Co.,Ltd",
    "license": "MIT",
    "bugs": "https://github.com/skylarkjs/skylark/issues",
    "dependencies": {
      "skylark-domx-animates": "git+https://github.com/skylark-domx/skylark-domx-animates.git",
      "skylark-domx-browser": "git+https://github.com/skylark-domx/skylark-domx-browser.git",
      "skylark-domx-css": "git+https://github.com/skylark-domx/skylark-domx-css.git",
      "skylark-domx-data": "git+https://github.com/skylark-domx/skylark-domx-data.git",
      "skylark-domx-eventer": "git+https://github.com/skylark-domx/skylark-domx-eventer.git",
      "skylark-domx-finder": "git+https://github.com/skylark-domx/skylark-domx-finder.git",
      "skylark-domx-fx": "git+https://github.com/skylark-domx/skylark-domx-fx.git",
      "skylark-domx-geom": "git+https://github.com/skylark-domx/skylark-domx-geom.git",
      "skylark-domx-iframes": "git+https://github.com/skylark-domx/skylark-domx-iframes.git",
      "skylark-domx-lists": "git+https://github.com/skylark-domx/skylark-domx-lists.git",
      "skylark-domx-noder": "git+https://github.com/skylark-domx/skylark-domx-noder.git",
      "skylark-domx-query": "git+https://github.com/skylark-domx/skylark-domx-query.git",
      "skylark-domx-styler": "git+https://github.com/skylark-domx/skylark-domx-styler.git",
      "skylark-domx-transforms": "git+https://github.com/skylark-domx/skylark-domx-transforms.git",
      "skylark-domx-transits": "git+https://github.com/skylark-domx/skylark-domx-transits.git",
      "skylark-domx-velm": "git+https://github.com/skylark-domx/skylark-domx-velm.git",
      "skylark-langx": "git+https://github.com/skylark-langx/skylark-langx.git",
      "skylark-langx-scripter": "git+https://github.com/skylark-langx/skylark-langx-scripter.git"
    },
    "engines": {
      "node": ">=0.8.0"
    },
    "skylarkjs": {
      "directories": {
        "dependencies": "./node_modules"
      },
      "secondaries": {},
      "build": {
        "prepare": {
          "texttojs": [
            "html",
            "json",
            "css"
          ],
          "jsxtojs": false,
          "es6toamd": false,
          "cjstoamd": false
        },
        "bundles": {
          "all": true
        }
      }
    }
  }

spkgm manifest: 
  No manifest

Lockfile: 
  No lockfile
